Unity Editor version:    2020.3.27f1 (e759542391ea)
Branch:                  2020.3/release
Build type:              Release
Batch mode:              YES
macOS version:           Version 11.6.8 (Build 20G730)
Darwin version:          20.6.0
Architecture:            x86_64
Running under Rosetta:   NO
Available memory:        16384 MB
Using pre-set license
Pro License: NO

COMMAND LINE ARGUMENTS:
/var/folders/5b/ly0yqbbs0lg6sy5wrmq6q_cc0000gt/T/AppTranslocation/5472235B-6D14-447F-87B9-9EF631339FEC/d/Unity.app/Contents/MacOS/Unity
-adb2
-batchMode
-noUpm
-name
AssetImportWorker0
-projectPath
/Users/game12/christian 2d adventure game
-logFile
Logs/AssetImportWorker0.log
-srvPort
51248
Successfully changed project path to: /Users/game12/christian 2d adventure game
/Users/game12/christian 2d adventure game
Using Asset Import Pipeline V2.
Error (Result too large) occured whilst enumerating /var/folders/5b/ly0yqbbs0lg6sy5wrmq6q_cc0000gt/T/AppTranslocation/5472235B-6D14-447F-87B9-9EF631339FEC
Refreshing native plugins compatible for Editor in 39.10 ms, found 3 plugins.
Preloading 0 native plugins for Editor in 0.00 ms.
Initialize engine version: 2020.3.27f1 (e759542391ea)
[Subsystems] Discovering subsystems at path /var/folders/5b/ly0yqbbs0lg6sy5wrmq6q_cc0000gt/T/AppTranslocation/5472235B-6D14-447F-87B9-9EF631339FEC/d/Unity.app/Contents/Resources/UnitySubsystems
[Subsystems] Discovering subsystems at path /Users/game12/christian 2d adventure game/Assets
GfxDevice: creating device client; threaded=0
2024-12-02 09:21:13.773 Unity[38501:2272188] iMac preferred device: AMD Radeon Pro 5500 XT (high power)
2024-12-02 09:21:13.773 Unity[38501:2272188] Metal devices available: 1
2024-12-02 09:21:13.773 Unity[38501:2272188] 0: AMD Radeon Pro 5500 XT (high power)
2024-12-02 09:21:13.774 Unity[38501:2272188] Using device AMD Radeon Pro 5500 XT (high power)
Initializing Metal device caps: AMD Radeon Pro 5500 XT
Initialize mono
Mono path[0] = '/var/folders/5b/ly0yqbbs0lg6sy5wrmq6q_cc0000gt/T/AppTranslocation/5472235B-6D14-447F-87B9-9EF631339FEC/d/Unity.app/Contents/Managed'
Mono path[1] = '/var/folders/5b/ly0yqbbs0lg6sy5wrmq6q_cc0000gt/T/AppTranslocation/5472235B-6D14-447F-87B9-9EF631339FEC/d/Unity.app/Contents/MonoBleedingEdge/lib/mono/unityjit'
Mono config path = '/var/folders/5b/ly0yqbbs0lg6sy5wrmq6q_cc0000gt/T/AppTranslocation/5472235B-6D14-447F-87B9-9EF631339FEC/d/Unity.app/Contents/MonoBleedingEdge/etc'
Using monoOptions --debugger-agent=transport=dt_socket,embedding=1,server=y,suspend=n,address=127.0.0.1:56501
Begin MonoManager ReloadAssembly
Registering precompiled unity dll's ...
Register platform support module: /var/folders/5b/ly0yqbbs0lg6sy5wrmq6q_cc0000gt/T/AppTranslocation/5472235B-6D14-447F-87B9-9EF631339FEC/d/Unity.app/Contents/PlaybackEngines/MacStandaloneSupport/UnityEditor.OSXStandalone.Extensions.dll
Registered in 0.000557 seconds.
Native extension for OSXStandalone target not found
Refreshing native plugins compatible for Editor in 40.94 ms, found 3 plugins.
Preloading 0 native plugins for Editor in 0.00 ms.
Mono: successfully reloaded assembly
- Completed reload, in  0.528 seconds
Domain Reload Profiling:
	ReloadAssembly (528ms)
		BeginReloadAssembly (37ms)
			ExecutionOrderSort (0ms)
			DisableScriptedObjects (0ms)
			BackupInstance (0ms)
			ReleaseScriptingObjects (0ms)
			CreateAndSetChildDomain (1ms)
		EndReloadAssembly (428ms)
			LoadAssemblies (36ms)
			RebuildTransferFunctionScriptingTraits (0ms)
			SetupTypeCache (154ms)
			ReleaseScriptCaches (0ms)
			RebuildScriptCaches (33ms)
			SetupLoadedEditorAssemblies (170ms)
				LogAssemblyErrors (0ms)
				InitializePlatformSupportModulesInManaged (4ms)
				SetLoadedEditorAssemblies (0ms)
				RefreshPlugins (41ms)
				BeforeProcessingInitializeOnLoad (7ms)
				ProcessInitializeOnLoadAttributes (91ms)
				ProcessInitializeOnLoadMethodAttributes (26ms)
				AfterProcessingInitializeOnLoad (0ms)
				EditorAssembliesLoaded (0ms)
			ExecutionOrderSort2 (0ms)
			AwakeInstancesAfterBackupRestoration (0ms)
Platform modules already initialized, skipping
Registering precompiled user dll's ...
Registered in 0.003307 seconds.
Begin MonoManager ReloadAssembly
Native extension for OSXStandalone target not found
Refreshing native plugins compatible for Editor in 41.62 ms, found 3 plugins.
Preloading 0 native plugins for Editor in 0.00 ms.
Mono: successfully reloaded assembly
- Completed reload, in  1.093 seconds
Domain Reload Profiling:
	ReloadAssembly (1094ms)
		BeginReloadAssembly (133ms)
			ExecutionOrderSort (0ms)
			DisableScriptedObjects (4ms)
			BackupInstance (0ms)
			ReleaseScriptingObjects (0ms)
			CreateAndSetChildDomain (26ms)
		EndReloadAssembly (905ms)
			LoadAssemblies (92ms)
			RebuildTransferFunctionScriptingTraits (0ms)
			SetupTypeCache (316ms)
			ReleaseScriptCaches (0ms)
			RebuildScriptCaches (50ms)
			SetupLoadedEditorAssemblies (338ms)
				LogAssemblyErrors (0ms)
				InitializePlatformSupportModulesInManaged (3ms)
				SetLoadedEditorAssemblies (0ms)
				RefreshPlugins (42ms)
				BeforeProcessingInitializeOnLoad (54ms)
				ProcessInitializeOnLoadAttributes (224ms)
				ProcessInitializeOnLoadMethodAttributes (14ms)
				AfterProcessingInitializeOnLoad (1ms)
				EditorAssembliesLoaded (0ms)
			ExecutionOrderSort2 (0ms)
			AwakeInstancesAfterBackupRestoration (6ms)
Platform modules already initialized, skipping
Validating Project structure ... 0.002715 seconds.
Shader import version has changed; will reimport all shaders...
Upgrading shader files ...0.003398 seconds.
Application.AssetDatabase Initial Script Refresh Start
RefreshInfo: InitialScriptRefreshV2(NoUpdateAssetOptions) scanfilter:  ... 1 filters
RefreshProfiler: Total: 0.000ms
Application.AssetDatabase Initial Script Refresh End
Application.AssetDatabase.Refresh Start
Application.AssetDatabase.Refresh End
RefreshInfo: StopAssetImportingV2(ForceSynchronousImport) scanfilter: 
RefreshProfiler: Total: 0.000ms
Launching external process: /var/folders/5b/ly0yqbbs0lg6sy5wrmq6q_cc0000gt/T/AppTranslocation/5472235B-6D14-447F-87B9-9EF631339FEC/d/Unity.app/Contents/Tools/UnityShaderCompiler
Launched and connected shader compiler UnityShaderCompiler after 0.01 seconds
Initializing Unity extensions:
========================================================================
Worker process is ready to serve import requests
Refreshing native plugins compatible for Editor in 0.39 ms, found 3 plugins.
Preloading 0 native plugins for Editor in 0.00 ms.
Unloading 2537 Unused Serialized files (Serialized files now loaded: 0)
System memory in use before: 229.7 MB.
System memory in use after: 229.0 MB.

Unloading 116 unused Assets to reduce memory usage. Loaded Objects now: 3011.
Total: 3.079035 ms (FindLiveObjects: 0.177511 ms CreateObjectMapping: 0.101542 ms MarkObjects: 2.404919 ms  DeleteObjects: 0.394254 ms)

AssetImportParameters requested are different than current active one (requested -> active):
  custom:video-decoder-ogg-theora: a1e56fd34408186e4bbccfd4996cb3dc -> 
  custom:container-muxer-webm: aa71ff27fc2769a1b78a27578f13a17b -> 
  custom:container-demuxer-webm: 4f35f7cbe854078d1ac9338744f61a02 -> 
  custom:container-demuxer-ogg: 62fdf1f143b41e24485cea50d1cbac27 -> 
  custom:video-encoder-webm-vp8: eb34c28f22e8b96e1ab97ce403110664 -> 
  custom:framework-osx-AVFoundation: e770b220cccbd017edd2c1fefb359320 -> 
  custom:video-decoder-webm-vp8: 9c59270c3fd7afecdb556c50c9e8de78 -> 
  custom:audio-decoder-ogg-vorbis: bf7c407c2cedff20999df2af8eb42d56 -> 
  custom:audio-encoder-webm-vorbis: bf7c407c2cedff20999df2af8eb42d56 -> 
========================================================================
Received Import Request.
  path: Assets/prefabs/PlayerCharacter.prefab
  artifactKey: Guid(4d97ef5d10efa44c5b3e54c392d70f4d) Importer(815301076,1909f56bfc062723c751e8b465ee728b)
Start importing Assets/prefabs/PlayerCharacter.prefab using Guid(4d97ef5d10efa44c5b3e54c392d70f4d) Importer(815301076,1909f56bfc062723c751e8b465ee728b)  -> (artifact id: 'd75e42d492ff0cfa05ac211abb72d897') in 0.928839 seconds 
  Import took 0.934383 seconds .

========================================================================
Received Prepare
Registering precompiled user dll's ...
Registered in 0.001873 seconds.
Begin MonoManager ReloadAssembly
Native extension for OSXStandalone target not found
Refreshing native plugins compatible for Editor in 0.46 ms, found 3 plugins.
Preloading 0 native plugins for Editor in 0.00 ms.
Mono: successfully reloaded assembly
- Completed reload, in  1.007 seconds
Domain Reload Profiling:
	ReloadAssembly (1007ms)
		BeginReloadAssembly (113ms)
			ExecutionOrderSort (0ms)
			DisableScriptedObjects (5ms)
			BackupInstance (0ms)
			ReleaseScriptingObjects (0ms)
			CreateAndSetChildDomain (53ms)
		EndReloadAssembly (840ms)
			LoadAssemblies (64ms)
			RebuildTransferFunctionScriptingTraits (0ms)
			SetupTypeCache (309ms)
			ReleaseScriptCaches (1ms)
			RebuildScriptCaches (44ms)
			SetupLoadedEditorAssemblies (308ms)
				LogAssemblyErrors (0ms)
				InitializePlatformSupportModulesInManaged (3ms)
				SetLoadedEditorAssemblies (0ms)
				RefreshPlugins (0ms)
				BeforeProcessingInitializeOnLoad (83ms)
				ProcessInitializeOnLoadAttributes (210ms)
				ProcessInitializeOnLoadMethodAttributes (10ms)
				AfterProcessingInitializeOnLoad (1ms)
				EditorAssembliesLoaded (0ms)
			ExecutionOrderSort2 (0ms)
			AwakeInstancesAfterBackupRestoration (8ms)
Platform modules already initialized, skipping
Refreshing native plugins compatible for Editor in 0.42 ms, found 3 plugins.
Preloading 0 native plugins for Editor in 0.00 ms.
Unloading 2525 Unused Serialized files (Serialized files now loaded: 0)
System memory in use before: 234.2 MB.
System memory in use after: 234.4 MB.

Unloading 19 unused Assets to reduce memory usage. Loaded Objects now: 3020.
Total: 3.058333 ms (FindLiveObjects: 0.169236 ms CreateObjectMapping: 0.099258 ms MarkObjects: 2.775036 ms  DeleteObjects: 0.014273 ms)

AssetImportParameters requested are different than current active one (requested -> active):
  custom:video-decoder-ogg-theora: a1e56fd34408186e4bbccfd4996cb3dc -> 
  custom:container-muxer-webm: aa71ff27fc2769a1b78a27578f13a17b -> 
  custom:container-demuxer-webm: 4f35f7cbe854078d1ac9338744f61a02 -> 
  custom:container-demuxer-ogg: 62fdf1f143b41e24485cea50d1cbac27 -> 
  custom:video-encoder-webm-vp8: eb34c28f22e8b96e1ab97ce403110664 -> 
  custom:framework-osx-AVFoundation: e770b220cccbd017edd2c1fefb359320 -> 
  custom:video-decoder-webm-vp8: 9c59270c3fd7afecdb556c50c9e8de78 -> 
  custom:audio-decoder-ogg-vorbis: bf7c407c2cedff20999df2af8eb42d56 -> 
  custom:audio-encoder-webm-vorbis: bf7c407c2cedff20999df2af8eb42d56 -> 
========================================================================
Received Prepare
Registering precompiled user dll's ...
Registered in 0.001832 seconds.
Begin MonoManager ReloadAssembly
Native extension for OSXStandalone target not found
Refreshing native plugins compatible for Editor in 0.50 ms, found 3 plugins.
Preloading 0 native plugins for Editor in 0.00 ms.
Mono: successfully reloaded assembly
- Completed reload, in  1.015 seconds
Domain Reload Profiling:
	ReloadAssembly (1015ms)
		BeginReloadAssembly (113ms)
			ExecutionOrderSort (0ms)
			DisableScriptedObjects (6ms)
			BackupInstance (0ms)
			ReleaseScriptingObjects (0ms)
			CreateAndSetChildDomain (56ms)
		EndReloadAssembly (848ms)
			LoadAssemblies (65ms)
			RebuildTransferFunctionScriptingTraits (0ms)
			SetupTypeCache (312ms)
			ReleaseScriptCaches (1ms)
			RebuildScriptCaches (45ms)
			SetupLoadedEditorAssemblies (310ms)
				LogAssemblyErrors (0ms)
				InitializePlatformSupportModulesInManaged (3ms)
				SetLoadedEditorAssemblies (1ms)
				RefreshPlugins (1ms)
				BeforeProcessingInitializeOnLoad (84ms)
				ProcessInitializeOnLoadAttributes (211ms)
				ProcessInitializeOnLoadMethodAttributes (9ms)
				AfterProcessingInitializeOnLoad (1ms)
				EditorAssembliesLoaded (0ms)
			ExecutionOrderSort2 (0ms)
			AwakeInstancesAfterBackupRestoration (9ms)
Platform modules already initialized, skipping
Refreshing native plugins compatible for Editor in 0.37 ms, found 3 plugins.
Preloading 0 native plugins for Editor in 0.00 ms.
Unloading 2525 Unused Serialized files (Serialized files now loaded: 0)
System memory in use before: 234.4 MB.
System memory in use after: 234.7 MB.

Unloading 18 unused Assets to reduce memory usage. Loaded Objects now: 3022.
Total: 2.527972 ms (FindLiveObjects: 0.167850 ms CreateObjectMapping: 0.095396 ms MarkObjects: 2.253401 ms  DeleteObjects: 0.010729 ms)

AssetImportParameters requested are different than current active one (requested -> active):
  custom:video-decoder-ogg-theora: a1e56fd34408186e4bbccfd4996cb3dc -> 
  custom:container-muxer-webm: aa71ff27fc2769a1b78a27578f13a17b -> 
  custom:container-demuxer-webm: 4f35f7cbe854078d1ac9338744f61a02 -> 
  custom:container-demuxer-ogg: 62fdf1f143b41e24485cea50d1cbac27 -> 
  custom:video-encoder-webm-vp8: eb34c28f22e8b96e1ab97ce403110664 -> 
  custom:framework-osx-AVFoundation: e770b220cccbd017edd2c1fefb359320 -> 
  custom:video-decoder-webm-vp8: 9c59270c3fd7afecdb556c50c9e8de78 -> 
  custom:audio-decoder-ogg-vorbis: bf7c407c2cedff20999df2af8eb42d56 -> 
  custom:audio-encoder-webm-vorbis: bf7c407c2cedff20999df2af8eb42d56 -> 
========================================================================
Received Import Request.
  Time since last request: 30.798265 seconds.
  path: Assets/prefabs/PlayerCharacter.prefab
  artifactKey: Guid(4d97ef5d10efa44c5b3e54c392d70f4d) Importer(815301076,1909f56bfc062723c751e8b465ee728b)
Start importing Assets/prefabs/PlayerCharacter.prefab using Guid(4d97ef5d10efa44c5b3e54c392d70f4d) Importer(815301076,1909f56bfc062723c751e8b465ee728b)  -> (artifact id: '3e02cf78fefbf266ce7dcf82de1148a9') in 0.045708 seconds 
  Import took 0.049564 seconds .

========================================================================
Received Import Request.
  Time since last request: 158.265963 seconds.
  path: Assets/prefabs/PlayerCharacter.prefab
  artifactKey: Guid(4d97ef5d10efa44c5b3e54c392d70f4d) Importer(815301076,1909f56bfc062723c751e8b465ee728b)
Start importing Assets/prefabs/PlayerCharacter.prefab using Guid(4d97ef5d10efa44c5b3e54c392d70f4d) Importer(815301076,1909f56bfc062723c751e8b465ee728b)  -> (artifact id: '3b276e9b546bd1c94dc96588c7a62943') in 0.007176 seconds 
  Import took 0.010827 seconds .

========================================================================
Received Import Request.
  Time since last request: 18.599121 seconds.
  path: Assets/prefabs/PlayerCharacter.prefab
  artifactKey: Guid(4d97ef5d10efa44c5b3e54c392d70f4d) Importer(815301076,1909f56bfc062723c751e8b465ee728b)
Start importing Assets/prefabs/PlayerCharacter.prefab using Guid(4d97ef5d10efa44c5b3e54c392d70f4d) Importer(815301076,1909f56bfc062723c751e8b465ee728b)  -> (artifact id: 'd72a76d8f6103a6bb1e9e18af8996083') in 0.006921 seconds 
  Import took 0.010293 seconds .

========================================================================
Received Import Request.
  Time since last request: 51.163985 seconds.
  path: Assets/prefabs/PlayerCharacter.prefab
  artifactKey: Guid(4d97ef5d10efa44c5b3e54c392d70f4d) Importer(815301076,1909f56bfc062723c751e8b465ee728b)
Start importing Assets/prefabs/PlayerCharacter.prefab using Guid(4d97ef5d10efa44c5b3e54c392d70f4d) Importer(815301076,1909f56bfc062723c751e8b465ee728b)  -> (artifact id: '104d3128ce8854720441998a8d5a25f9') in 0.007018 seconds 
  Import took 0.010588 seconds .

AssetImportWorkerClient::OnTransportError - code=2 error=End of file
